Build started 12/11/2014 1:42:54 AM.
     1>Project "C:\Users\Brandon\Desktop\Stage7Wright\yaslc.vcxproj" on node 2 (Build target(s)).
     1>ClCompile:
         C:\Program Files (x86)\Microsoft Visual Studio 12.0\VC\bin\CL.exe /c /ZI /nologo /W3 /WX- /Od /Oy- /D WIN32 /D _DEBUG /D _CONSOLE /D _VC80_UPGRADE=0x0710 /D _MBCS /Gm- /EHsc /RTC1 /MTd /GS /fp:precise /Zc:wchar_t /Zc:forScope /Yu"stdafx.h" /Fp".\Debug/yaslc.pch" /Fo".\Debug/" /Fd".\Debug/vc120.pdb" /Gd /TP /analyze- /errorReport:prompt Parser.cpp
         Parser.cpp
     1>c:\users\brandon\desktop\stage7wright\parser.cpp(370): warning C4018: '<' : signed/unsigned mismatch
     1>c:\users\brandon\desktop\stage7wright\parser.cpp(1612): warning C4715: 'ParseClass::CallTypeCheck' : not all control paths return a value
       Link:
         C:\Program Files (x86)\Microsoft Visual Studio 12.0\VC\bin\link.exe /ERRORREPORT:PROMPT /OUT:".\Debug/yaslc.exe" /INCREMENTAL:NO /NOLOGO kernel32.lib user32.lib gdi32.lib winspool.lib comdlg32.lib advapi32.lib shell32.lib ole32.lib oleaut32.lib uuid.lib odbc32.lib odbccp32.lib /MANIFEST /MANIFESTUAC:"level='asInvoker' uiAccess='false'" /manifest:embed /DEBUG /PDB:".\Debug/yaslc.pdb" /SUBSYSTEM:CONSOLE /TLBID:1 /DYNAMICBASE:NO /IMPLIB:".\Debug\yaslc.lib" /MACHINE:X86 /SAFESEH .\Debug/filemngr.obj
         .\Debug/Parser.obj
         .\Debug/pStack.obj
         .\Debug/Scanner.obj
         .\Debug/StdAfx.obj
         .\Debug/Table.obj
         .\Debug/yaslc.obj
     1>filemngr.obj : warning LNK4075: ignoring '/EDITANDCONTINUE' due to '/OPT:LBR' specification
         yaslc.vcxproj -> C:\Users\Brandon\Desktop\Stage7Wright\.\Debug\yaslc.exe
     1>Done Building Project "C:\Users\Brandon\Desktop\Stage7Wright\yaslc.vcxproj" (Build target(s)).

Build succeeded.

Time Elapsed 00:00:01.06
